app/build/outputs/logs/manifest-merger-release-report.txt
-- Merging decision tree log ---
manifest
ADDED from src/main/AndroidManifest.xml:2:1-120:12
INJECTED from src/main/AndroidManifest.xml:2:1-120:12
INJECTED from src/main/AndroidManifest.xml:2:1-120:12
INJECTED from src/main/AndroidManifest.xml:2:1-120:12
MERGED from [com.yanzhenjie:permission:1.0.2] AndroidManifest.xml:2:1-15:12
MERGED from [com.android.support:support-v4:24.2.1] AndroidManifest.xml:17:1-27:12
MERGED from [com.android.support:support-fragment:24.2.1] AndroidManifest.xml:17:1-27:12
MERGED from [com.android.support:support-media-compat:24.2.1] AndroidManifest.xml:17:1-27:12
MERGED from [com.android.support:support-core-utils:24.2.1] AndroidManifest.xml:17:1-27:12
MERGED from [com.android.support:support-core-ui:24.2.1] AndroidManifest.xml:17:1-27:12
MERGED from [com.android.support:support-compat:24.2.1] AndroidManifest.xml:17:1-27:12
INJECTED from src/main/AndroidManifest.xml:2:1-120:12
INJECTED from src/main/AndroidManifest.xml:2:1-120:12
INJECTED from src/main/AndroidManifest.xml:2:1-120:12
	package
		ADDED from src/main/AndroidManifest.xml:3:5-40
		INJECTED from src/main/AndroidManifest.xml
		INJECTED from src/main/AndroidManifest.xml
	android:versionName
		ADDED from src/main/AndroidManifest.xml:5:5-40
		INJECTED from src/main/AndroidManifest.xml
		INJECTED from src/main/AndroidManifest.xml
	xmlns:android
		ADDED from src/main/AndroidManifest.xml:2:11-69
	android:versionCode
		ADDED from src/main/AndroidManifest.xml:4:5-36
		INJECTED from src/main/AndroidManifest.xml
		INJECTED from src/main/AndroidManifest.xml
uses-sdk
ADDED from src/main/AndroidManifest.xml:7:5-9:41
INJECTED from src/main/AndroidManifest.xml:7:5-9:41
INJECTED from src/main/AndroidManifest.xml:7:5-9:41
MERGED from [com.yanzhenjie:permission:1.0.2] AndroidManifest.xml:5:5-7:41
MERGED from [com.yanzhenjie:permission:1.0.2] AndroidManifest.xml:5:5-7:41
MERGED from [com.android.support:support-v4:24.2.1] AndroidManifest.xml:21:5-23:54
MERGED from [com.android.support:support-v4:24.2.1] AndroidManifest.xml:21:5-23:54
MERGED from [com.android.support:support-fragment:24.2.1] AndroidManifest.xml:21:5-23:60
MERGED from [com.android.support:support-fragment:24.2.1] AndroidManifest.xml:21:5-23:60
MERGED from [com.android.support:support-media-compat:24.2.1] AndroidManifest.xml:21:5-23:63
MERGED from [com.android.support:support-media-compat:24.2.1] AndroidManifest.xml:21:5-23:63
MERGED from [com.android.support:support-core-utils:24.2.1] AndroidManifest.xml:21:5-23:61
MERGED from [com.android.support:support-core-utils:24.2.1] AndroidManifest.xml:21:5-23:61
MERGED from [com.android.support:support-core-ui:24.2.1] AndroidManifest.xml:21:5-23:58
MERGED from [com.android.support:support-core-ui:24.2.1] AndroidManifest.xml:21:5-23:58
MERGED from [com.android.support:support-compat:24.2.1] AndroidManifest.xml:21:5-23:58
MERGED from [com.android.support:support-compat:24.2.1] AndroidManifest.xml:21:5-23:58
INJECTED from src/main/AndroidManifest.xml:7:5-9:41
INJECTED from src/main/AndroidManifest.xml:7:5-9:41
	tools:overrideLibrary
		ADDED from [com.android.support:support-v4:24.2.1] AndroidManifest.xml:23:9-51
	android:targetSdkVersion
		ADDED from src/main/AndroidManifest.xml:9:9-38
		INJECTED from src/main/AndroidManifest.xml
		INJECTED from src/main/AndroidManifest.xml
	android:minSdkVersion
		ADDED from src/main/AndroidManifest.xml:8:9-35
		INJECTED from src/main/AndroidManifest.xml
		INJECTED from src/main/AndroidManifest.xml
uses-permission#android.permission.INTERNET
ADDED from src/main/AndroidManifest.xml:11:5-67
	android:name
		ADDED from src/main/AndroidManifest.xml:11:22-64
uses-permission#android.permission.ACCESS_WIFI_STATE
ADDED from src/main/AndroidManifest.xml:12:5-75
	android:name
		ADDED from src/main/AndroidManifest.xml:12:22-73
uses-permission#android.permission.ACCESS_NETWORK_STATE
ADDED from src/main/AndroidManifest.xml:13:5-78
	android:name
		ADDED from src/main/AndroidManifest.xml:13:22-76
uses-permission#android.permission.CHANGE_WIFI_STATE
ADDED from src/main/AndroidManifest.xml:14:5-76
	android:name
		ADDED from src/main/AndroidManifest.xml:14:22-73
uses-permission#android.permission.WRITE_EXTERNAL_STORAGE
ADDED from src/main/AndroidManifest.xml:16:5-81
	android:name
		ADDED from src/main/AndroidManifest.xml:16:22-78
uses-permission#android.permission.GET_TASKS
ADDED from src/main/AndroidManifest.xml:17:5-68
	android:name
		ADDED from src/main/AndroidManifest.xml:17:22-65
application
ADDED from src/main/AndroidManifest.xml:19:5-118:19
MERGED from [com.yanzhenjie:permission:1.0.2] AndroidManifest.xml:9:5-13:19
MERGED from [com.yanzhenjie:permission:1.0.2] AndroidManifest.xml:9:5-13:19
MERGED from [com.android.support:support-v4:24.2.1] AndroidManifest.xml:25:5-20
MERGED from [com.android.support:support-v4:24.2.1] AndroidManifest.xml:25:5-20
MERGED from [com.android.support:support-fragment:24.2.1] AndroidManifest.xml:25:5-20
MERGED from [com.android.support:support-fragment:24.2.1] AndroidManifest.xml:25:5-20
MERGED from [com.android.support:support-media-compat:24.2.1] AndroidManifest.xml:25:5-20
MERGED from [com.android.support:support-media-compat:24.2.1] AndroidManifest.xml:25:5-20
MERGED from [com.android.support:support-core-utils:24.2.1] AndroidManifest.xml:25:5-20
MERGED from [com.android.support:support-core-utils:24.2.1] AndroidManifest.xml:25:5-20
MERGED from [com.android.support:support-core-ui:24.2.1] AndroidManifest.xml:25:5-20
MERGED from [com.android.support:support-core-ui:24.2.1] AndroidManifest.xml:25:5-20
MERGED from [com.android.support:support-compat:24.2.1] AndroidManifest.xml:25:5-20
MERGED from [com.android.support:support-compat:24.2.1] AndroidManifest.xml:25:5-20
	android:supportsRtl
		ADDED from [com.yanzhenjie:permission:1.0.2] AndroidManifest.xml:12:9-35
	android:label
		ADDED from src/main/AndroidManifest.xml:23:9-41
	android:allowBackup
		ADDED from [com.yanzhenjie:permission:1.0.2] AndroidManifest.xml:10:9-35
	android:icon
		ADDED from src/main/AndroidManifest.xml:22:9-45
	android:theme
		ADDED from src/main/AndroidManifest.xml:21:9-73
	android:name
		ADDED from src/main/AndroidManifest.xml:20:9-64
activity#com.readboy.Q.HappyDoodle.HappyDoodleActivity
ADDED from src/main/AndroidManifest.xml:30:9-45:20
	android:screenOrientation
		ADDED from src/main/AndroidManifest.xml:34:13-56
	android:label
		ADDED from src/main/AndroidManifest.xml:32:13-45
	android:launchMode
		ADDED from src/main/AndroidManifest.xml:35:13-43
	android:configChanges
		ADDED from src/main/AndroidManifest.xml:33:13-72
	android:name
		ADDED from src/main/AndroidManifest.xml:31:13-73
intent-filter#android.intent.action.MAIN+android.intent.category.LAUNCHER+android.readboy.FLAG_HIDE_SYSTEMBAR+com.readboy.application
ADDED from src/main/AndroidManifest.xml:37:13-43:29
action#com.readboy.application
ADDED from src/main/AndroidManifest.xml:39:17-66
	android:name
		ADDED from src/main/AndroidManifest.xml:39:25-63
action#android.readboy.FLAG_HIDE_SYSTEMBAR
ADDED from src/main/AndroidManifest.xml:40:17-78
	android:name
		ADDED from src/main/AndroidManifest.xml:40:25-75
action#android.intent.action.MAIN
ADDED from src/main/AndroidManifest.xml:41:17-69
	android:name
		ADDED from src/main/AndroidManifest.xml:41:25-66
category#android.intent.category.LAUNCHER
ADDED from src/main/AndroidManifest.xml:42:17-77
	android:name
		ADDED from src/main/AndroidManifest.xml:42:27-74
activity#com.readboy.Q.HappyDoodle.SelectCanvas.SelectCanvasActivity
ADDED from src/main/AndroidManifest.xml:47:9-60:20
	android:screenOrientation
		ADDED from src/main/AndroidManifest.xml:52:13-56
	android:label
		ADDED from src/main/AndroidManifest.xml:49:13-33
	android:launchMode
		ADDED from src/main/AndroidManifest.xml:53:13-43
	android:configChanges
		ADDED from src/main/AndroidManifest.xml:51:13-72
	android:name
		ADDED from src/main/AndroidManifest.xml:48:13-87
intent-filter#android.intent.action.VIEW+android.intent.category.DEFAULT+android.readboy.FLAG_HIDE_SYSTEMBAR
ADDED from src/main/AndroidManifest.xml:54:13-59:29
action#android.intent.action.VIEW
ADDED from src/main/AndroidManifest.xml:55:17-69
	android:name
		ADDED from src/main/AndroidManifest.xml:55:25-66
category#android.intent.category.DEFAULT
ADDED from src/main/AndroidManifest.xml:56:17-76
	android:name
		ADDED from src/main/AndroidManifest.xml:56:27-73
activity#com.readboy.Q.HappyDoodle.doodle.DoodleActivity
ADDED from src/main/AndroidManifest.xml:62:9-76:20
	android:screenOrientation
		ADDED from src/main/AndroidManifest.xml:66:13-56
	android:label
		ADDED from src/main/AndroidManifest.xml:64:13-31
	android:launchMode
		ADDED from src/main/AndroidManifest.xml:67:13-43
	android:configChanges
		ADDED from src/main/AndroidManifest.xml:65:13-72
	android:taskAffinity
		ADDED from src/main/AndroidManifest.xml:68:13-76
	android:name
		ADDED from src/main/AndroidManifest.xml:63:13-75
activity#com.readboy.Q.HappyDoodle.opusSet.OpusSetActivity
ADDED from src/main/AndroidManifest.xml:78:9-92:20
	android:screenOrientation
		ADDED from src/main/AndroidManifest.xml:83:13-56
	android:label
		ADDED from src/main/AndroidManifest.xml:80:13-32
	android:launchMode
		ADDED from src/main/AndroidManifest.xml:84:13-43
	android:configChanges
		ADDED from src/main/AndroidManifest.xml:82:13-72
	android:name
		ADDED from src/main/AndroidManifest.xml:79:13-77
activity#com.readboy.Q.HappyDoodle.OpusShow.OpusShowActivity
ADDED from src/main/AndroidManifest.xml:93:9-106:20
	android:screenOrientation
		ADDED from src/main/AndroidManifest.xml:97:13-56
	android:label
		ADDED from src/main/AndroidManifest.xml:95:13-33
	android:launchMode
		ADDED from src/main/AndroidManifest.xml:98:13-43
	android:configChanges
		ADDED from src/main/AndroidManifest.xml:96:13-72
	android:taskAffinity
		ADDED from src/main/AndroidManifest.xml:99:13-76
	android:name
		ADDED from src/main/AndroidManifest.xml:94:13-79
activity#com.loveplusplus.update.DialogActivity
ADDED from src/main/AndroidManifest.xml:107:9-112:14
	android:launchMode
		ADDED from src/main/AndroidManifest.xml:109:4-35
	android:exported
		ADDED from src/main/AndroidManifest.xml:110:4-27
	android:theme
		ADDED from src/main/AndroidManifest.xml:111:4-58
	android:name
		ADDED from src/main/AndroidManifest.xml:108:13-66
service#com.loveplusplus.update.DownloadService
ADDED from src/main/AndroidManifest.xml:113:9-117:13
	android:process
		ADDED from src/main/AndroidManifest.xml:116:4-32
	android:enabled
		ADDED from src/main/AndroidManifest.xml:115:4-26
	android:name
		ADDED from src/main/AndroidManifest.xml:114:13-68